  assign3.cpp
c:\users\lozy9\downloads\assign3_startercode_windowsvs2017\assign3_startercode_windowsvs2017\assign3\assign3\assign3.cpp(577): warning C4101: 'color_specular': unreferenced local variable
c:\users\lozy9\downloads\assign3_startercode_windowsvs2017\assign3_startercode_windowsvs2017\assign3\assign3\assign3.cpp(803): warning C4996: 'stricmp': The POSIX name for this item is deprecated. Instead, use the ISO C and C++ conformant name: _stricmp. See online help for details.
  c:\program files (x86)\windows kits\10\include\10.0.16299.0\ucrt\string.h(554): note: see declaration of 'stricmp'
c:\users\lozy9\downloads\assign3_startercode_windowsvs2017\assign3_startercode_windowsvs2017\assign3\assign3\assign3.cpp(805): warning C4101: 'error': unreferenced local variable
c:\users\lozy9\downloads\assign3_startercode_windowsvs2017\assign3_startercode_windowsvs2017\assign3\assign3\assign3.cpp(816): warning C4996: 'fscanf': This function or variable may be unsafe. Consider using fscanf_s instead. To disable deprecation, use _CRT_SECURE_NO_WARNINGS. See online help for details.
  c:\program files (x86)\windows kits\10\include\10.0.16299.0\ucrt\stdio.h(1195): note: see declaration of 'fscanf'
c:\users\lozy9\downloads\assign3_startercode_windowsvs2017\assign3_startercode_windowsvs2017\assign3\assign3\assign3.cpp(818): warning C4996: 'fscanf': This function or variable may be unsafe. Consider using fscanf_s instead. To disable deprecation, use _CRT_SECURE_NO_WARNINGS. See online help for details.
  c:\program files (x86)\windows kits\10\include\10.0.16299.0\ucrt\stdio.h(1195): note: see declaration of 'fscanf'
c:\users\lozy9\downloads\assign3_startercode_windowsvs2017\assign3_startercode_windowsvs2017\assign3\assign3\assign3.cpp(826): warning C4996: 'fscanf': This function or variable may be unsafe. Consider using fscanf_s instead. To disable deprecation, use _CRT_SECURE_NO_WARNINGS. See online help for details.
  c:\program files (x86)\windows kits\10\include\10.0.16299.0\ucrt\stdio.h(1195): note: see declaration of 'fscanf'
c:\users\lozy9\downloads\assign3_startercode_windowsvs2017\assign3_startercode_windowsvs2017\assign3\assign3\assign3.cpp(828): warning C4996: 'fscanf': This function or variable may be unsafe. Consider using fscanf_s instead. To disable deprecation, use _CRT_SECURE_NO_WARNINGS. See online help for details.
  c:\program files (x86)\windows kits\10\include\10.0.16299.0\ucrt\stdio.h(1195): note: see declaration of 'fscanf'
c:\users\lozy9\downloads\assign3_startercode_windowsvs2017\assign3_startercode_windowsvs2017\assign3\assign3\assign3.cpp(835): warning C4996: 'fscanf': This function or variable may be unsafe. Consider using fscanf_s instead. To disable deprecation, use _CRT_SECURE_NO_WARNINGS. See online help for details.
  c:\program files (x86)\windows kits\10\include\10.0.16299.0\ucrt\stdio.h(1195): note: see declaration of 'fscanf'
c:\users\lozy9\downloads\assign3_startercode_windowsvs2017\assign3_startercode_windowsvs2017\assign3\assign3\assign3.cpp(837): warning C4996: 'fscanf': This function or variable may be unsafe. Consider using fscanf_s instead. To disable deprecation, use _CRT_SECURE_NO_WARNINGS. See online help for details.
  c:\program files (x86)\windows kits\10\include\10.0.16299.0\ucrt\stdio.h(1195): note: see declaration of 'fscanf'
c:\users\lozy9\downloads\assign3_startercode_windowsvs2017\assign3_startercode_windowsvs2017\assign3\assign3\assign3.cpp(843): warning C4996: 'fopen': This function or variable may be unsafe. Consider using fopen_s instead. To disable deprecation, use _CRT_SECURE_NO_WARNINGS. See online help for details.
  c:\program files (x86)\windows kits\10\include\10.0.16299.0\ucrt\stdio.h(207): note: see declaration of 'fopen'
c:\users\lozy9\downloads\assign3_startercode_windowsvs2017\assign3_startercode_windowsvs2017\assign3\assign3\assign3.cpp(850): warning C4996: 'fscanf': This function or variable may be unsafe. Consider using fscanf_s instead. To disable deprecation, use _CRT_SECURE_NO_WARNINGS. See online help for details.
  c:\program files (x86)\windows kits\10\include\10.0.16299.0\ucrt\stdio.h(1195): note: see declaration of 'fscanf'
c:\users\lozy9\downloads\assign3_startercode_windowsvs2017\assign3_startercode_windowsvs2017\assign3\assign3\assign3.cpp(859): warning C4996: 'fscanf': This function or variable may be unsafe. Consider using fscanf_s instead. To disable deprecation, use _CRT_SECURE_NO_WARNINGS. See online help for details.
  c:\program files (x86)\windows kits\10\include\10.0.16299.0\ucrt\stdio.h(1195): note: see declaration of 'fscanf'
c:\users\lozy9\downloads\assign3_startercode_windowsvs2017\assign3_startercode_windowsvs2017\assign3\assign3\assign3.cpp(861): warning C4996: 'stricmp': The POSIX name for this item is deprecated. Instead, use the ISO C and C++ conformant name: _stricmp. See online help for details.
  c:\program files (x86)\windows kits\10\include\10.0.16299.0\ucrt\string.h(554): note: see declaration of 'stricmp'
c:\users\lozy9\downloads\assign3_startercode_windowsvs2017\assign3_startercode_windowsvs2017\assign3\assign3\assign3.cpp(883): warning C4996: 'stricmp': The POSIX name for this item is deprecated. Instead, use the ISO C and C++ conformant name: _stricmp. See online help for details.
  c:\program files (x86)\windows kits\10\include\10.0.16299.0\ucrt\string.h(554): note: see declaration of 'stricmp'
c:\users\lozy9\downloads\assign3_startercode_windowsvs2017\assign3_startercode_windowsvs2017\assign3\assign3\assign3.cpp(900): warning C4996: 'stricmp': The POSIX name for this item is deprecated. Instead, use the ISO C and C++ conformant name: _stricmp. See online help for details.
  c:\program files (x86)\windows kits\10\include\10.0.16299.0\ucrt\string.h(554): note: see declaration of 'stricmp'
c:\users\lozy9\downloads\assign3_startercode_windowsvs2017\assign3_startercode_windowsvs2017\assign3\assign3\assign3.cpp(853): warning C4101: 'str': unreferenced local variable
  Generating code
  8 of 109 functions ( 7.3%) were compiled, the rest were copied from previous compilation.
    0 functions were new in current compilation
    1 functions had inline decision re-evaluated but remain unchanged
  Finished generating code
  assign3.vcxproj -> C:\Users\lozy9\Downloads\assign3_starterCode_windowsVS2017\assign3_starterCode_windowsVS2017\assign3\Release\assign3.exe
